02-02 14:14:51 com_github_MitjaNemec_PlaceFootprints.action_place_footprints 674:Plugin executed on: 'win32'
02-02 14:14:51 com_github_MitjaNemec_PlaceFootprints.action_place_footprints 675:Plugin executed with python version: '3.11.5 (main, Sep 17 2025, 01:04:48) [MSC v.1944 64 bit (AMD64)]'
02-02 14:14:51 com_github_MitjaNemec_PlaceFootprints.action_place_footprints 676:KiCad build version: 9.0.5
02-02 14:14:51 com_github_MitjaNemec_PlaceFootprints.action_place_footprints 677:Plugin version: 4.0.1
02-02 14:14:51 com_github_MitjaNemec_PlaceFootprints.action_place_footprints 678:Frame repr: <wx._core.Frame object at 0x000002655BEB7BE0>
02-02 14:14:51 com_github_MitjaNemec_PlaceFootprints.place_footprints 121:getting a list of all footprints on board
02-02 14:14:51 com_github_MitjaNemec_PlaceFootprints.place_footprints 156:Footprint R14 on root level
02-02 14:14:51 com_github_MitjaNemec_PlaceFootprints.place_footprints 156:Footprint C15 on root level
02-02 14:14:51 com_github_MitjaNemec_PlaceFootprints.place_footprints 156:Footprint C16 on root level
02-02 14:14:51 com_github_MitjaNemec_PlaceFootprints.place_footprints 156:Footprint U1 on root level
02-02 14:14:51 com_github_MitjaNemec_PlaceFootprints.place_footprints 156:Footprint D2 on root level
02-02 14:14:51 com_github_MitjaNemec_PlaceFootprints.place_footprints 156:Footprint D1 on root level
02-02 14:14:51 com_github_MitjaNemec_PlaceFootprints.place_footprints 156:Footprint R9 on root level
02-02 14:14:51 com_github_MitjaNemec_PlaceFootprints.place_footprints 156:Footprint R13 on root level
02-02 14:14:51 com_github_MitjaNemec_PlaceFootprints.place_footprints 156:Footprint C25 on root level
02-02 14:14:51 com_github_MitjaNemec_PlaceFootprints.place_footprints 156:Footprint J7 on root level
02-02 14:14:51 com_github_MitjaNemec_PlaceFootprints.place_footprints 156:Footprint D3 on root level
02-02 14:14:51 com_github_MitjaNemec_PlaceFootprints.place_footprints 156:Footprint J8 on root level
02-02 14:14:51 com_github_MitjaNemec_PlaceFootprints.place_footprints 156:Footprint A1 on root level
02-02 14:14:51 com_github_MitjaNemec_PlaceFootprints.place_footprints 156:Footprint J9 on root level
02-02 14:14:51 com_github_MitjaNemec_PlaceFootprints.place_footprints 156:Footprint R15 on root level
02-02 14:14:51 com_github_MitjaNemec_PlaceFootprints.place_footprints 156:Footprint R8 on root level
02-02 14:14:51 com_github_MitjaNemec_PlaceFootprints.place_footprints 156:Footprint C11 on root level
02-02 14:14:51 com_github_MitjaNemec_PlaceFootprints.place_footprints 156:Footprint J12 on root level
02-02 14:14:51 com_github_MitjaNemec_PlaceFootprints.place_footprints 156:Footprint C14 on root level
02-02 14:14:51 com_github_MitjaNemec_PlaceFootprints.place_footprints 156:Footprint R19 on root level
02-02 14:14:51 com_github_MitjaNemec_PlaceFootprints.place_footprints 156:Footprint D4 on root level
02-02 14:14:51 com_github_MitjaNemec_PlaceFootprints.place_footprints 156:Footprint J2 on root level
02-02 14:14:51 com_github_MitjaNemec_PlaceFootprints.place_footprints 156:Footprint U3 on root level
02-02 14:14:51 com_github_MitjaNemec_PlaceFootprints.place_footprints 156:Footprint J1 on root level
02-02 14:14:51 com_github_MitjaNemec_PlaceFootprints.place_footprints 156:Footprint J10 on root level
02-02 14:14:51 com_github_MitjaNemec_PlaceFootprints.place_footprints 156:Footprint J6 on root level
02-02 14:14:51 com_github_MitjaNemec_PlaceFootprints.place_footprints 156:Footprint C12 on root level
02-02 14:14:51 com_github_MitjaNemec_PlaceFootprints.place_footprints 156:Footprint R17 on root level
02-02 14:14:51 com_github_MitjaNemec_PlaceFootprints.place_footprints 156:Footprint R12 on root level
02-02 14:14:51 com_github_MitjaNemec_PlaceFootprints.place_footprints 156:Footprint R10 on root level
02-02 14:14:51 com_github_MitjaNemec_PlaceFootprints.place_footprints 156:Footprint R7 on root level
02-02 14:14:51 com_github_MitjaNemec_PlaceFootprints.place_footprints 156:Footprint R20 on root level
02-02 14:14:51 com_github_MitjaNemec_PlaceFootprints.place_footprints 156:Footprint R18 on root level
02-02 14:14:51 com_github_MitjaNemec_PlaceFootprints.place_footprints 156:Footprint J11 on root level
02-02 14:14:51 com_github_MitjaNemec_PlaceFootprints.place_footprints 156:Footprint R16 on root level
02-02 14:14:51 com_github_MitjaNemec_PlaceFootprints.place_footprints 156:Footprint J5 on root level
02-02 14:14:51 com_github_MitjaNemec_PlaceFootprints.place_footprints 156:Footprint J3 on root level
02-02 14:14:51 com_github_MitjaNemec_PlaceFootprints.place_footprints 156:Footprint U2 on root level
02-02 14:14:51 com_github_MitjaNemec_PlaceFootprints.place_footprints 156:Footprint D5 on root level
02-02 14:14:51 com_github_MitjaNemec_PlaceFootprints.place_footprints 156:Footprint R11 on root level
02-02 14:14:51 com_github_MitjaNemec_PlaceFootprints.place_footprints 156:Footprint C13 on root level
02-02 14:14:51 com_github_MitjaNemec_PlaceFootprints.place_footprints 156:Footprint C10 on root level
02-02 14:14:51 com_github_MitjaNemec_PlaceFootprints.place_footprints 156:Footprint JP3 on root level
02-02 14:14:51 com_github_MitjaNemec_PlaceFootprints.place_footprints 156:Footprint JP1 on root level
02-02 14:14:51 com_github_MitjaNemec_PlaceFootprints.place_footprints 156:Footprint JP4 on root level
02-02 14:14:51 com_github_MitjaNemec_PlaceFootprints.place_footprints 156:Footprint JP5 on root level
02-02 14:14:51 com_github_MitjaNemec_PlaceFootprints.place_footprints 156:Footprint JP6 on root level
02-02 14:14:51 com_github_MitjaNemec_PlaceFootprints.place_footprints 156:Footprint JP2 on root level
02-02 14:14:51 com_github_MitjaNemec_PlaceFootprints.place_footprints 156:Footprint JP7 on root level
02-02 14:14:51 com_github_MitjaNemec_PlaceFootprints.action_place_footprints 717:Reference footprint='D1'
02-02 14:14:54 com_github_MitjaNemec_PlaceFootprints.action_place_footprints 858:Reference designator is: D
02-02 14:14:54 com_github_MitjaNemec_PlaceFootprints.action_place_footprints 859:Reference number is: 1
02-02 14:14:54 com_github_MitjaNemec_PlaceFootprints.action_place_footprints 891:Sorted and filtered list:
['D1', 'D2', 'D3', 'D4', 'D5', 'D6', 'D7', 'D8']
02-02 14:14:54 com_github_MitjaNemec_PlaceFootprints.action_place_footprints 376:wx.Colour(240, 240, 240, 255)
02-02 14:15:03 com_github_MitjaNemec_PlaceFootprints.action_place_footprints 507:'5'
02-02 14:15:03 com_github_MitjaNemec_PlaceFootprints.action_place_footprints 553:Preparing config for reference linear
02-02 14:15:03 com_github_MitjaNemec_PlaceFootprints.action_place_footprints 573:Saving config file
02-02 14:15:03 com_github_MitjaNemec_PlaceFootprints.action_place_footprints 575:Saved the config file
02-02 14:15:03 com_github_MitjaNemec_PlaceFootprints.action_place_footprints 929:Footprints to place:
['D1', 'D2', 'D3', 'D4', 'D5']
02-02 14:15:03 com_github_MitjaNemec_PlaceFootprints.place_footprints 396:Starting placing with linear layout
02-02 14:15:03 com_github_MitjaNemec_PlaceFootprints.action_place_footprints 970:Placing complete
